player/build/outputs/logs/manifest-merger-debug-report.txt
-- Merging decision tree log ---
manifest
ADDED from src\main\AndroidManifest.xml:1:1-39:12
INJECTED from src\main\AndroidManifest.xml:1:1-39:12
INJECTED from src\main\AndroidManifest.xml:1:1-39:12
INJECTED from src\main\AndroidManifest.xml:1:1-39:12
INJECTED from src\main\AndroidManifest.xml:1:1-39:12
INJECTED from src\main\AndroidManifest.xml:1:1-39:12
INJECTED from src\main\AndroidManifest.xml:1:1-39:12
	package
		ADDED from src\main\AndroidManifest.xml:2:5-45
		INJECTED from src\main\AndroidManifest.xml
		INJECTED from src\main\AndroidManifest.xml
	android:versionName
		INJECTED from src\main\AndroidManifest.xml
		ADDED from src\main\AndroidManifest.xml:1:1-39:12
		INJECTED from src\main\AndroidManifest.xml
	android:versionCode
		INJECTED from src\main\AndroidManifest.xml
		ADDED from src\main\AndroidManifest.xml:1:1-39:12
		INJECTED from src\main\AndroidManifest.xml
	xmlns:android
		ADDED from src\main\AndroidManifest.xml:1:11-69
application
ADDED from src\main\AndroidManifest.xml:4:5-37:19
	android:theme
		ADDED from src\main\AndroidManifest.xml:4:18-49
activity#com.tencent.liteav.demo.player.superplayer.SuperPlayerActivity
ADDED from src\main\AndroidManifest.xml:5:9-18:20
	android:screenOrientation
		ADDED from src\main\AndroidManifest.xml:10:13-49
	android:label
		ADDED from src\main\AndroidManifest.xml:8:13-45
	android:launchMode
		ADDED from src\main\AndroidManifest.xml:9:13-44
	android:windowSoftInputMode
		ADDED from src\main\AndroidManifest.xml:11:13-54
	android:configChanges
		ADDED from src\main\AndroidManifest.xml:7:13-74
	android:name
		ADDED from src\main\AndroidManifest.xml:6:13-60
intent-filter#action:name:android.intent.action.MAIN+action:name:com.tencent.liteav.demo.play.action.float.click+category:name:android.intent.category.DEFAULT
ADDED from src\main\AndroidManifest.xml:12:13-17:29
action#com.tencent.liteav.demo.play.action.float.click
ADDED from src\main\AndroidManifest.xml:13:17-90
	android:name
		ADDED from src\main\AndroidManifest.xml:13:25-87
action#android.intent.action.MAIN
ADDED from src\main\AndroidManifest.xml:14:17-69
	android:name
		ADDED from src\main\AndroidManifest.xml:14:25-66
category#android.intent.category.DEFAULT
ADDED from src\main\AndroidManifest.xml:16:17-76
	android:name
		ADDED from src\main\AndroidManifest.xml:16:27-73
activity#com.tencent.liteav.demo.player.superplayer.SuperPlayerActivityTest
ADDED from src\main\AndroidManifest.xml:20:9-26:56
	android:screenOrientation
		ADDED from src\main\AndroidManifest.xml:25:13-49
	android:label
		ADDED from src\main\AndroidManifest.xml:23:13-45
	android:launchMode
		ADDED from src\main\AndroidManifest.xml:24:13-44
	android:windowSoftInputMode
		ADDED from src\main\AndroidManifest.xml:26:13-54
	android:configChanges
		ADDED from src\main\AndroidManifest.xml:22:13-74
	android:name
		ADDED from src\main\AndroidManifest.xml:21:13-64
activity#com.tencent.liteav.demo.player.VodPlayerActivity
ADDED from src\main\AndroidManifest.xml:29:9-31:52
	android:screenOrientation
		ADDED from src\main\AndroidManifest.xml:31:13-49
	android:name
		ADDED from src\main\AndroidManifest.xml:30:13-46
activity#com.tencent.liteav.demo.player.common.activity.QRCodeScanActivity
ADDED from src\main\AndroidManifest.xml:33:9-35:48
	android:screenOrientation
		ADDED from src\main\AndroidManifest.xml:35:9-45
	android:name
		ADDED from src\main\AndroidManifest.xml:34:9-59
uses-sdk
INJECTED from src\main\AndroidManifest.xml reason: use-sdk injection requested
INJECTED from src\main\AndroidManifest.xml
INJECTED from src\main\AndroidManifest.xml
INJECTED from src\main\AndroidManifest.xml
INJECTED from src\main\AndroidManifest.xml
	android:targetSdkVersion
		INJECTED from src\main\AndroidManifest.xml
		ADDED from src\main\AndroidManifest.xml
		INJECTED from src\main\AndroidManifest.xml
	android:minSdkVersion
		INJECTED from src\main\AndroidManifest.xml
		ADDED from src\main\AndroidManifest.xml
		INJECTED from src\main\AndroidManifest.xml